TN:
SF:src\hooks\useEventForm.ts
FN:225,persistImageToDisk
FN:242,useEventForm
FN:317,(anonymous_2)
FN:347,(anonymous_3)
FN:360,(anonymous_4)
FN:366,(anonymous_5)
FN:375,(anonymous_6)
FN:384,(anonymous_7)
FN:397,(anonymous_8)
FN:408,(anonymous_9)
FN:430,(anonymous_10)
FN:446,(anonymous_11)
FN:450,(anonymous_12)
FN:456,(anonymous_13)
FN:459,(anonymous_14)
FN:461,(anonymous_15)
FN:474,(anonymous_16)
FN:478,(anonymous_17)
FN:490,(anonymous_18)
FN:493,(anonymous_19)
FN:499,(anonymous_20)
FN:504,(anonymous_21)
FN:505,(anonymous_22)
FN:530,(anonymous_23)
FN:531,(anonymous_24)
FN:534,(anonymous_25)
FN:535,(anonymous_26)
FN:535,(anonymous_27)
FN:542,(anonymous_28)
FN:555,(anonymous_29)
FN:578,(anonymous_30)
FN:589,(anonymous_31)
FN:590,(anonymous_32)
FN:594,(anonymous_33)
FN:595,(anonymous_34)
FN:595,(anonymous_35)
FN:602,(anonymous_36)
FN:605,(anonymous_37)
FN:612,(anonymous_38)
FN:613,(anonymous_39)
FN:616,(anonymous_40)
FN:617,(anonymous_41)
FN:617,(anonymous_42)
FN:620,(anonymous_43)
FN:621,(anonymous_44)
FN:627,(anonymous_45)
FN:628,(anonymous_46)
FN:631,(anonymous_47)
FN:632,(anonymous_48)
FN:632,(anonymous_49)
FN:635,(anonymous_50)
FN:636,(anonymous_51)
FN:646,(anonymous_52)
FN:647,(anonymous_53)
FN:650,(anonymous_54)
FN:651,(anonymous_55)
FN:651,(anonymous_56)
FN:660,(anonymous_57)
FN:664,(anonymous_58)
FN:673,(anonymous_59)
FN:674,(anonymous_60)
FN:677,(anonymous_61)
FN:685,(anonymous_62)
FN:725,(anonymous_63)
FN:727,(anonymous_64)
FN:741,(anonymous_65)
FN:781,(anonymous_66)
FN:802,(anonymous_67)
FNF:68
FNH:43
FNDA:0,persistImageToDisk
FNDA:148,useEventForm
FNDA:23,(anonymous_2)
FNDA:4,(anonymous_3)
FNDA:23,(anonymous_4)
FNDA:23,(anonymous_5)
FNDA:23,(anonymous_6)
FNDA:23,(anonymous_7)
FNDA:0,(anonymous_8)
FNDA:0,(anonymous_9)
FNDA:0,(anonymous_10)
FNDA:0,(anonymous_11)
FNDA:0,(anonymous_12)
FNDA:0,(anonymous_13)
FNDA:0,(anonymous_14)
FNDA:0,(anonymous_15)
FNDA:0,(anonymous_16)
FNDA:0,(anonymous_17)
FNDA:0,(anonymous_18)
FNDA:0,(anonymous_19)
FNDA:0,(anonymous_20)
FNDA:0,(anonymous_21)
FNDA:0,(anonymous_22)
FNDA:3,(anonymous_23)
FNDA:2,(anonymous_24)
FNDA:1,(anonymous_25)
FNDA:1,(anonymous_26)
FNDA:2,(anonymous_27)
FNDA:0,(anonymous_28)
FNDA:0,(anonymous_29)
FNDA:0,(anonymous_30)
FNDA:0,(anonymous_31)
FNDA:0,(anonymous_32)
FNDA:0,(anonymous_33)
FNDA:0,(anonymous_34)
FNDA:0,(anonymous_35)
FNDA:3,(anonymous_36)
FNDA:3,(anonymous_37)
FNDA:2,(anonymous_38)
FNDA:2,(anonymous_39)
FNDA:1,(anonymous_40)
FNDA:1,(anonymous_41)
FNDA:2,(anonymous_42)
FNDA:6,(anonymous_43)
FNDA:6,(anonymous_44)
FNDA:5,(anonymous_45)
FNDA:5,(anonymous_46)
FNDA:1,(anonymous_47)
FNDA:1,(anonymous_48)
FNDA:2,(anonymous_49)
FNDA:2,(anonymous_50)
FNDA:2,(anonymous_51)
FNDA:1,(anonymous_52)
FNDA:1,(anonymous_53)
FNDA:1,(anonymous_54)
FNDA:1,(anonymous_55)
FNDA:1,(anonymous_56)
FNDA:16,(anonymous_57)
FNDA:10,(anonymous_58)
FNDA:2,(anonymous_59)
FNDA:2,(anonymous_60)
FNDA:1,(anonymous_61)
FNDA:2,(anonymous_62)
FNDA:23,(anonymous_63)
FNDA:1,(anonymous_64)
FNDA:0,(anonymous_65)
FNDA:1,(anonymous_66)
FNDA:1,(anonymous_67)
DA:223,1
DA:226,0
DA:227,0
DA:228,0
DA:229,0
DA:230,0
DA:231,0
DA:232,0
DA:234,0
DA:243,148
DA:246,148
DA:247,148
DA:250,148
DA:251,148
DA:254,148
DA:255,148
DA:258,148
DA:259,148
DA:260,148
DA:261,148
DA:262,148
DA:263,148
DA:264,148
DA:265,148
DA:266,148
DA:269,148
DA:270,148
DA:271,148
DA:272,148
DA:273,148
DA:274,148
DA:275,148
DA:276,148
DA:277,148
DA:278,148
DA:279,148
DA:280,148
DA:281,148
DA:282,148
DA:283,148
DA:284,148
DA:285,148
DA:288,148
DA:289,148
DA:290,148
DA:291,148
DA:292,148
DA:293,148
DA:294,148
DA:297,148
DA:298,148
DA:301,148
DA:306,148
DA:309,148
DA:310,148
DA:311,148
DA:312,148
DA:313,148
DA:314,148
DA:315,148
DA:316,148
DA:317,148
DA:323,148
DA:342,148
DA:344,148
DA:347,148
DA:348,4
DA:349,4
DA:350,4
DA:352,4
DA:360,148
DA:361,23
DA:362,23
DA:363,23
DA:366,148
DA:367,23
DA:368,23
DA:369,23
DA:371,0
DA:375,148
DA:376,23
DA:377,23
DA:378,23
DA:380,0
DA:384,148
DA:385,23
DA:386,23
DA:387,23
DA:388,23
DA:389,0
DA:390,0
DA:393,0
DA:397,148
DA:398,0
DA:399,0
DA:400,0
DA:408,148
DA:409,0
DA:410,0
DA:411,0
DA:412,0
DA:413,0
DA:414,0
DA:415,0
DA:416,0
DA:417,0
DA:418,0
DA:420,0
DA:422,0
DA:424,0
DA:426,0
DA:430,148
DA:431,0
DA:432,0
DA:433,0
DA:434,0
DA:435,0
DA:436,0
DA:437,0
DA:438,0
DA:440,0
DA:441,0
DA:442,0
DA:443,0
DA:446,148
DA:447,0
DA:448,0
DA:449,0
DA:450,0
DA:451,0
DA:452,0
DA:453,0
DA:454,0
DA:456,0
DA:459,0
DA:461,0
DA:466,0
DA:468,0
DA:470,0
DA:474,148
DA:475,0
DA:476,0
DA:477,0
DA:478,0
DA:479,0
DA:480,0
DA:481,0
DA:482,0
DA:484,0
DA:486,0
DA:490,148
DA:491,0
DA:492,0
DA:493,0
DA:494,0
DA:495,0
DA:496,0
DA:497,0
DA:499,0
DA:505,0
DA:511,0
DA:512,0
DA:518,0
DA:520,0
DA:522,0
DA:530,148
DA:531,3
DA:534,148
DA:535,2
DA:542,148
DA:543,0
DA:544,0
DA:545,0
DA:546,0
DA:547,0
DA:548,0
DA:555,148
DA:556,0
DA:557,0
DA:558,0
DA:559,0
DA:561,0
DA:565,0
DA:566,0
DA:567,0
DA:571,0
DA:573,0
DA:578,148
DA:579,0
DA:580,0
DA:581,0
DA:582,0
DA:584,0
DA:588,0
DA:589,0
DA:590,0
DA:594,148
DA:595,0
DA:602,148
DA:603,3
DA:604,3
DA:605,3
DA:612,148
DA:613,2
DA:616,148
DA:617,2
DA:620,148
DA:621,6
DA:627,148
DA:628,5
DA:631,148
DA:632,2
DA:635,148
DA:636,2
DA:646,148
DA:647,1
DA:650,148
DA:651,1
DA:658,148
DA:660,148
DA:661,16
DA:662,16
DA:663,10
DA:664,10
DA:666,6
DA:668,6
DA:669,6
DA:673,148
DA:674,2
DA:677,148
DA:678,1
DA:685,148
DA:686,2
DA:687,2
DA:688,2
DA:689,2
DA:690,2
DA:691,2
DA:692,2
DA:693,2
DA:694,2
DA:695,2
DA:696,2
DA:697,2
DA:698,2
DA:699,2
DA:700,2
DA:701,2
DA:702,2
DA:703,2
DA:704,2
DA:705,2
DA:706,2
DA:707,2
DA:708,2
DA:709,2
DA:710,2
DA:711,2
DA:712,2
DA:713,2
DA:714,2
DA:715,2
DA:716,2
DA:717,2
DA:718,2
DA:719,2
DA:720,2
DA:721,2
DA:725,148
DA:726,23
DA:727,1
DA:728,1
DA:729,1
DA:730,1
DA:731,1
DA:732,1
DA:741,0
DA:767,0
DA:768,0
DA:770,1
DA:773,1
DA:781,148
DA:782,1
DA:783,1
DA:784,1
DA:785,1
DA:786,1
DA:787,1
DA:788,1
DA:789,1
DA:790,1
DA:791,1
DA:792,1
DA:793,1
DA:794,1
DA:795,1
DA:802,148
DA:803,1
DA:808,148
LF:299
LH:191
BRDA:223,0,0,1
BRDA:223,0,1,0
BRDA:228,1,0,0
BRDA:228,1,1,0
BRDA:247,2,0,148
BRDA:247,2,1,0
BRDA:247,3,0,148
BRDA:247,3,1,0
BRDA:369,4,0,23
BRDA:369,4,1,0
BRDA:369,4,2,0
BRDA:371,5,0,0
BRDA:371,5,1,0
BRDA:378,6,0,23
BRDA:378,6,1,0
BRDA:378,6,2,0
BRDA:380,7,0,0
BRDA:380,7,1,0
BRDA:387,8,0,23
BRDA:387,8,1,0
BRDA:388,9,0,0
BRDA:388,9,1,23
BRDA:415,10,0,0
BRDA:415,10,1,0
BRDA:416,11,0,0
BRDA:416,11,1,0
BRDA:417,12,0,0
BRDA:417,12,1,0
BRDA:424,13,0,0
BRDA:424,13,1,0
BRDA:424,13,2,0
BRDA:431,14,0,0
BRDA:431,14,1,0
BRDA:432,15,0,0
BRDA:432,15,1,0
BRDA:433,16,0,0
BRDA:433,16,1,0
BRDA:434,17,0,0
BRDA:434,17,1,0
BRDA:434,18,0,0
BRDA:434,18,1,0
BRDA:435,19,0,0
BRDA:435,19,1,0
BRDA:436,20,0,0
BRDA:436,20,1,0
BRDA:437,21,0,0
BRDA:437,21,1,0
BRDA:437,22,0,0
BRDA:437,22,1,0
BRDA:437,22,2,0
BRDA:440,23,0,0
BRDA:440,23,1,0
BRDA:441,24,0,0
BRDA:441,24,1,0
BRDA:447,25,0,0
BRDA:447,25,1,0
BRDA:447,26,0,0
BRDA:447,26,1,0
BRDA:450,27,0,0
BRDA:450,27,1,0
BRDA:452,28,0,0
BRDA:452,28,1,0
BRDA:453,29,0,0
BRDA:453,29,1,0
BRDA:453,30,0,0
BRDA:453,30,1,0
BRDA:468,31,0,0
BRDA:468,31,1,0
BRDA:475,32,0,0
BRDA:475,32,1,0
BRDA:478,33,0,0
BRDA:478,33,1,0
BRDA:480,34,0,0
BRDA:480,34,1,0
BRDA:480,34,2,0
BRDA:481,35,0,0
BRDA:481,35,1,0
BRDA:484,36,0,0
BRDA:484,36,1,0
BRDA:493,37,0,0
BRDA:493,37,1,0
BRDA:495,38,0,0
BRDA:495,38,1,0
BRDA:496,39,0,0
BRDA:496,39,1,0
BRDA:496,40,0,0
BRDA:496,40,1,0
BRDA:506,41,0,0
BRDA:506,41,1,0
BRDA:520,42,0,0
BRDA:520,42,1,0
BRDA:531,43,0,2
BRDA:531,43,1,1
BRDA:545,44,0,0
BRDA:545,44,1,0
BRDA:546,45,0,0
BRDA:546,45,1,0
BRDA:547,46,0,0
BRDA:547,46,1,0
BRDA:548,47,0,0
BRDA:548,47,1,0
BRDA:557,48,0,0
BRDA:557,48,1,0
BRDA:565,49,0,0
BRDA:565,49,1,0
BRDA:565,50,0,0
BRDA:565,50,1,0
BRDA:580,51,0,0
BRDA:580,51,1,0
BRDA:588,52,0,0
BRDA:588,52,1,0
BRDA:588,53,0,0
BRDA:588,53,1,0
BRDA:662,54,0,10
BRDA:662,54,1,6
BRDA:669,55,0,6
BRDA:669,55,1,0
BRDA:678,56,0,1
BRDA:678,56,1,0
BRDA:678,57,0,1
BRDA:678,57,1,0
BRDA:686,58,0,0
BRDA:686,58,1,2
BRDA:687,59,0,2
BRDA:687,59,1,0
BRDA:688,60,0,2
BRDA:688,60,1,0
BRDA:689,61,0,1
BRDA:689,61,1,1
BRDA:690,62,0,1
BRDA:690,62,1,1
BRDA:691,63,0,2
BRDA:691,63,1,0
BRDA:692,64,0,1
BRDA:692,64,1,1
BRDA:693,65,0,0
BRDA:693,65,1,2
BRDA:694,66,0,1
BRDA:694,66,1,1
BRDA:695,67,0,0
BRDA:695,67,1,2
BRDA:696,68,0,1
BRDA:696,68,1,1
BRDA:697,69,0,1
BRDA:697,69,1,1
BRDA:698,70,0,1
BRDA:698,70,1,1
BRDA:699,71,0,1
BRDA:699,71,1,1
BRDA:700,72,0,1
BRDA:700,72,1,1
BRDA:701,73,0,1
BRDA:701,73,1,1
BRDA:702,74,0,2
BRDA:702,74,1,0
BRDA:703,75,0,1
BRDA:703,75,1,1
BRDA:704,76,0,1
BRDA:704,76,1,1
BRDA:705,77,0,1
BRDA:705,77,1,1
BRDA:706,78,0,1
BRDA:706,78,1,1
BRDA:707,79,0,1
BRDA:707,79,1,1
BRDA:708,80,0,1
BRDA:708,80,1,1
BRDA:709,81,0,1
BRDA:709,81,1,1
BRDA:710,82,0,1
BRDA:710,82,1,1
BRDA:711,83,0,1
BRDA:711,83,1,1
BRDA:712,84,0,1
BRDA:712,84,1,1
BRDA:713,85,0,1
BRDA:713,85,1,1
BRDA:714,86,0,1
BRDA:714,86,1,1
BRDA:715,87,0,1
BRDA:715,87,1,1
BRDA:716,88,0,0
BRDA:716,88,1,2
BRDA:717,89,0,0
BRDA:717,89,1,2
BRDA:718,90,0,0
BRDA:718,90,1,2
BRDA:719,91,0,1
BRDA:719,91,1,1
BRDA:720,92,0,1
BRDA:720,92,1,1
BRDA:721,93,0,0
BRDA:721,93,1,2
BRDA:726,94,0,22
BRDA:726,94,1,1
BRDA:733,95,0,1
BRDA:733,95,1,0
BRDA:734,96,0,1
BRDA:734,96,1,0
BRDA:735,97,0,1
BRDA:735,97,1,1
BRDA:736,98,0,1
BRDA:736,98,1,0
BRDA:737,99,0,1
BRDA:737,99,1,0
BRDA:738,100,0,1
BRDA:738,100,1,0
BRDA:740,101,0,1
BRDA:740,101,1,0
BRDA:741,102,0,0
BRDA:741,102,1,0
BRDA:743,103,0,1
BRDA:743,103,1,0
BRDA:744,104,0,1
BRDA:744,104,1,0
BRDA:745,105,0,0
BRDA:745,105,1,1
BRDA:747,106,0,1
BRDA:747,106,1,0
BRDA:748,107,0,1
BRDA:748,107,1,1
BRDA:749,108,0,1
BRDA:749,108,1,0
BRDA:750,109,0,1
BRDA:750,109,1,1
BRDA:751,110,0,1
BRDA:751,110,1,0
BRDA:752,111,0,0
BRDA:752,111,1,1
BRDA:753,112,0,0
BRDA:753,112,1,1
BRDA:754,113,0,1
BRDA:754,113,1,1
BRDA:755,114,0,1
BRDA:755,114,1,1
BRDA:756,115,0,1
BRDA:756,115,1,1
BRDA:757,116,0,1
BRDA:757,116,1,1
BRDA:758,117,0,1
BRDA:758,117,1,1
BRDA:759,118,0,1
BRDA:759,118,1,1
BRDA:760,119,0,0
BRDA:760,119,1,1
BRDA:761,120,0,1
BRDA:761,120,1,0
BRDA:762,121,0,1
BRDA:762,121,1,0
BRDA:763,122,0,1
BRDA:763,122,1,0
BRDA:764,123,0,1
BRDA:764,123,1,1
BRDA:767,124,0,0
BRDA:767,124,1,0
BRF:255
BRH:115
end_of_record
TN:
SF:src\hooks\useEventFormSubmit.ts
FN:10,useEventFormSubmit
FN:16,(anonymous_1)
FN:55,buildFormData
FN:70,(anonymous_3)
FN:71,(anonymous_4)
FN:74,(anonymous_5)
FN:75,(anonymous_6)
FN:120,uploadGalleryImages
FN:123,(anonymous_8)
FN:132,createTicketTypes
FN:134,(anonymous_10)
FN:150,createFormFields
FN:156,(anonymous_12)
FN:170,createSessions
FN:172,(anonymous_14)
FNF:15
FNH:8
FNDA:148,useEventFormSubmit
FNDA:4,(anonymous_1)
FNDA:3,buildFormData
FNDA:0,(anonymous_3)
FNDA:0,(anonymous_4)
FNDA:0,(anonymous_5)
FNDA:0,(anonymous_6)
FNDA:2,uploadGalleryImages
FNDA:0,(anonymous_8)
FNDA:2,createTicketTypes
FNDA:0,(anonymous_10)
FNDA:2,createFormFields
FNDA:2,(anonymous_12)
FNDA:2,createSessions
FNDA:0,(anonymous_14)
DA:16,148
DA:17,4
DA:19,3
DA:20,3
DA:21,3
DA:24,2
DA:26,2
DA:36,2
DA:37,1
DA:40,2
DA:42,1
DA:43,1
DA:48,1
DA:52,148
DA:56,3
DA:58,3
DA:59,3
DA:60,3
DA:61,3
DA:62,3
DA:63,3
DA:64,3
DA:65,3
DA:66,3
DA:69,3
DA:70,3
DA:71,0
DA:72,0
DA:74,3
DA:75,3
DA:77,3
DA:78,0
DA:81,3
DA:82,3
DA:83,3
DA:84,3
DA:85,3
DA:86,0
DA:87,0
DA:91,3
DA:92,0
DA:93,0
DA:94,0
DA:95,0
DA:96,0
DA:99,3
DA:100,3
DA:101,3
DA:102,3
DA:103,3
DA:104,3
DA:106,3
DA:107,0
DA:108,0
DA:109,0
DA:110,0
DA:117,3
DA:121,2
DA:122,0
DA:123,0
DA:124,0
DA:125,0
DA:126,0
DA:127,0
DA:129,0
DA:133,2
DA:134,0
DA:135,0
DA:152,2
DA:154,2
DA:156,2
DA:157,2
DA:171,2
DA:172,0
DA:173,0
LF:75
LH:50
BRDA:17,0,0,1
BRDA:17,0,1,3
BRDA:21,1,0,1
BRDA:21,1,1,2
BRDA:36,2,0,1
BRDA:36,2,1,1
BRDA:42,3,0,1
BRDA:42,3,1,0
BRDA:45,4,0,1
BRDA:45,4,1,1
BRDA:45,4,2,0
BRDA:46,5,0,0
BRDA:46,5,1,0
BRDA:72,6,0,0
BRDA:72,6,1,0
BRDA:77,7,0,0
BRDA:77,7,1,3
BRDA:77,8,0,3
BRDA:77,8,1,0
BRDA:81,9,0,3
BRDA:81,9,1,0
BRDA:81,10,0,3
BRDA:81,10,1,0
BRDA:85,11,0,0
BRDA:85,11,1,3
BRDA:85,12,0,3
BRDA:85,12,1,0
BRDA:91,13,0,0
BRDA:91,13,1,3
BRDA:91,14,0,3
BRDA:91,14,1,3
BRDA:95,15,0,0
BRDA:95,15,1,0
BRDA:96,16,0,0
BRDA:96,16,1,0
BRDA:99,17,0,0
BRDA:99,17,1,3
BRDA:103,18,0,0
BRDA:103,18,1,3
BRDA:106,19,0,0
BRDA:106,19,1,3
BRDA:107,20,0,0
BRDA:107,20,1,0
BRDA:109,21,0,0
BRDA:109,21,1,0
BRDA:121,22,0,2
BRDA:121,22,1,0
BRDA:124,23,0,0
BRDA:124,23,1,0
BRDA:126,24,0,0
BRDA:126,24,1,0
BRDA:133,25,0,2
BRDA:133,25,1,0
BRDA:133,26,0,2
BRDA:133,26,1,0
BRDA:139,27,0,0
BRDA:139,27,1,0
BRDA:140,28,0,0
BRDA:140,28,1,0
BRDA:144,29,0,0
BRDA:144,29,1,0
BRDA:145,30,0,0
BRDA:145,30,1,0
BRDA:152,31,0,2
BRDA:152,31,1,2
BRDA:152,31,2,0
BRDA:152,31,3,0
BRDA:152,31,4,0
BRDA:154,32,0,0
BRDA:154,32,1,2
BRDA:171,33,0,2
BRDA:171,33,1,0
BRDA:178,34,0,0
BRDA:178,34,1,0
BRDA:179,35,0,0
BRDA:179,35,1,0
BRDA:181,36,0,0
BRDA:181,36,1,0
BRDA:182,37,0,0
BRDA:182,37,1,0
BRDA:183,38,0,0
BRDA:183,38,1,0
BRDA:184,39,0,0
BRDA:184,39,1,0
BRDA:185,40,0,0
BRDA:185,40,1,0
BRDA:186,41,0,0
BRDA:186,41,1,0
BRDA:187,42,0,0
BRDA:187,42,1,0
BRDA:188,43,0,0
BRDA:188,43,1,0
BRDA:189,44,0,0
BRDA:189,44,1,0
BRDA:190,45,0,0
BRDA:190,45,1,0
BRDA:191,46,0,0
BRDA:191,46,1,0
BRDA:192,47,0,0
BRDA:192,47,1,0
BRF:100
BRH:28
end_of_record
TN:
SF:src\hooks\useEventFormValidation.ts
FN:25,useEventFormValidation
FN:29,(anonymous_1)
FN:89,(anonymous_2)
FN:103,validateTicketTypes
FN:118,validateFormFields
FNF:5
FNH:4
FNDA:148,useEventFormValidation
FNDA:20,(anonymous_1)
FNDA:4,(anonymous_2)
FNDA:1,validateTicketTypes
FNDA:0,validateFormFields
DA:29,148
DA:30,20
DA:32,20
DA:34,13
DA:35,13
DA:36,13
DA:37,13
DA:40,5
DA:41,1
DA:43,5
DA:44,4
DA:45,1
DA:48,5
DA:49,1
DA:50,1
DA:53,5
DA:56,2
DA:57,1
DA:58,1
DA:60,1
DA:61,0
DA:63,1
DA:64,0
DA:65,0
DA:69,1
DA:70,1
DA:71,0
DA:72,0
DA:75,2
DA:78,20
DA:89,148
DA:90,4
DA:91,4
DA:92,1
DA:93,1
DA:95,4
DA:98,148
DA:104,1
DA:105,0
DA:106,0
DA:107,0
DA:108,0
DA:110,0
DA:111,0
DA:112,0
DA:115,1
DA:119,0
DA:120,0
DA:121,0
DA:122,0
DA:123,0
DA:125,0
DA:126,0
DA:127,0
DA:130,0
LF:55
LH:34
BRDA:32,0,0,13
BRDA:32,0,1,5
BRDA:32,0,2,2
BRDA:34,1,0,2
BRDA:34,1,1,11
BRDA:35,2,0,2
BRDA:35,2,1,11
BRDA:36,3,0,2
BRDA:36,3,1,11
BRDA:40,4,0,1
BRDA:40,4,1,4
BRDA:43,5,0,4
BRDA:43,5,1,1
BRDA:43,6,0,5
BRDA:43,6,1,1
BRDA:44,7,0,1
BRDA:44,7,1,3
BRDA:48,8,0,1
BRDA:48,8,1,4
BRDA:48,9,0,5
BRDA:48,9,1,4
BRDA:49,10,0,1
BRDA:49,10,1,0
BRDA:56,11,0,1
BRDA:56,11,1,1
BRDA:57,12,0,1
BRDA:57,12,1,0
BRDA:57,13,0,1
BRDA:57,13,1,1
BRDA:60,14,0,0
BRDA:60,14,1,1
BRDA:61,15,0,0
BRDA:61,15,1,0
BRDA:63,16,0,0
BRDA:63,16,1,1
BRDA:63,17,0,1
BRDA:63,17,1,0
BRDA:64,18,0,0
BRDA:64,18,1,0
BRDA:69,19,0,1
BRDA:69,19,1,0
BRDA:71,20,0,0
BRDA:71,20,1,0
BRDA:91,21,0,1
BRDA:91,21,1,3
BRDA:93,22,0,1
BRDA:93,22,1,0
BRDA:106,23,0,0
BRDA:106,23,1,0
BRDA:110,24,0,0
BRDA:110,24,1,0
BRDA:121,25,0,0
BRDA:121,25,1,0
BRDA:125,26,0,0
BRDA:125,26,1,0
BRDA:125,27,0,0
BRDA:125,27,1,0
BRF:57
BRH:34
end_of_record
TN:
SF:src\hooks\useMessageState.ts
FN:146,messageReducer
FN:154,(anonymous_1)
FN:159,(anonymous_2)
FN:179,(anonymous_3)
FN:209,(anonymous_4)
FN:217,(anonymous_5)
FN:223,(anonymous_6)
FN:363,(anonymous_7)
FN:373,(anonymous_8)
FN:377,(anonymous_9)
FN:401,(anonymous_10)
FN:406,(anonymous_11)
FN:417,(anonymous_12)
FN:435,useMessageState
FN:446,(anonymous_14)
FN:447,(anonymous_15)
FN:450,(anonymous_16)
FN:453,(anonymous_17)
FN:456,(anonymous_18)
FN:459,(anonymous_19)
FN:462,(anonymous_20)
FN:465,(anonymous_21)
FN:468,(anonymous_22)
FN:471,(anonymous_23)
FN:474,(anonymous_24)
FN:477,(anonymous_25)
FN:480,(anonymous_26)
FN:483,(anonymous_27)
FN:486,(anonymous_28)
FN:489,(anonymous_29)
FN:492,(anonymous_30)
FN:495,(anonymous_31)
FN:498,(anonymous_32)
FN:501,(anonymous_33)
FN:504,(anonymous_34)
FN:507,(anonymous_35)
FN:510,(anonymous_36)
FN:513,(anonymous_37)
FN:516,(anonymous_38)
FN:519,(anonymous_39)
FN:522,(anonymous_40)
FN:525,(anonymous_41)
FN:528,(anonymous_42)
FN:531,(anonymous_43)
FN:534,(anonymous_44)
FN:537,(anonymous_45)
FN:540,(anonymous_46)
FN:543,(anonymous_47)
FN:546,(anonymous_48)
FN:549,(anonymous_49)
FN:552,(anonymous_50)
FN:555,(anonymous_51)
FN:558,(anonymous_52)
FN:561,(anonymous_53)
FN:564,(anonymous_54)
FN:567,(anonymous_55)
FN:570,(anonymous_56)
FNF:57
FNH:39
FNDA:61,messageReducer
FNDA:5,(anonymous_1)
FNDA:8,(anonymous_2)
FNDA:4,(anonymous_3)
FNDA:3,(anonymous_4)
FNDA:2,(anonymous_5)
FNDA:3,(anonymous_6)
FNDA:2,(anonymous_7)
FNDA:5,(anonymous_8)
FNDA:2,(anonymous_9)
FNDA:1,(anonymous_10)
FNDA:2,(anonymous_11)
FNDA:2,(anonymous_12)
FNDA:92,useMessageState
FNDA:31,(anonymous_14)
FNDA:15,(anonymous_15)
FNDA:9,(anonymous_16)
FNDA:0,(anonymous_17)
FNDA:3,(anonymous_18)
FNDA:1,(anonymous_19)
FNDA:1,(anonymous_20)
FNDA:0,(anonymous_21)
FNDA:0,(anonymous_22)
FNDA:0,(anonymous_23)
FNDA:0,(anonymous_24)
FNDA:2,(anonymous_25)
FNDA:1,(anonymous_26)
FNDA:1,(anonymous_27)
FNDA:0,(anonymous_28)
FNDA:0,(anonymous_29)
FNDA:0,(anonymous_30)
FNDA:0,(anonymous_31)
FNDA:0,(anonymous_32)
FNDA:1,(anonymous_33)
FNDA:1,(anonymous_34)
FNDA:3,(anonymous_35)
FNDA:1,(anonymous_36)
FNDA:1,(anonymous_37)
FNDA:0,(anonymous_38)
FNDA:0,(anonymous_39)
FNDA:0,(anonymous_40)
FNDA:1,(anonymous_41)
FNDA:1,(anonymous_42)
FNDA:1,(anonymous_43)
FNDA:0,(anonymous_44)
FNDA:2,(anonymous_45)
FNDA:0,(anonymous_46)
FNDA:2,(anonymous_47)
FNDA:0,(anonymous_48)
FNDA:0,(anonymous_49)
FNDA:4,(anonymous_50)
FNDA:1,(anonymous_51)
FNDA:0,(anonymous_52)
FNDA:5,(anonymous_53)
FNDA:1,(anonymous_54)
FNDA:2,(anonymous_55)
FNDA:1,(anonymous_56)
DA:116,1
DA:147,61
DA:149,15
DA:153,9
DA:154,9
DA:155,9
DA:159,8
DA:160,8
DA:161,8
DA:162,7
DA:163,7
DA:173,8
DA:174,8
DA:175,5
DA:176,5
DA:177,5
DA:178,5
DA:179,5
DA:180,4
DA:181,3
DA:182,3
DA:183,3
DA:184,3
DA:186,3
DA:187,3
DA:188,3
DA:190,5
DA:191,2
DA:192,2
DA:193,2
DA:196,6
DA:201,0
DA:207,3
DA:210,3
DA:215,1
DA:217,2
DA:221,1
DA:223,3
DA:227,0
DA:230,0
DA:233,0
DA:236,0
DA:239,2
DA:242,1
DA:245,1
DA:248,0
DA:251,0
DA:254,0
DA:257,0
DA:264,0
DA:267,0
DA:270,0
DA:273,0
DA:276,3
DA:286,1
DA:295,1
DA:298,0
DA:301,1
DA:308,1
DA:315,0
DA:318,0
DA:321,1
DA:324,1
DA:332,1
DA:335,0
DA:338,2
DA:345,0
DA:348,2
DA:351,0
DA:354,0
DA:357,4
DA:358,3
DA:361,1
DA:363,2
DA:367,0
DA:370,5
DA:371,5
DA:374,5
DA:375,5
DA:376,5
DA:377,2
DA:379,5
DA:380,4
DA:398,1
DA:399,1
DA:402,1
DA:403,1
DA:406,2
DA:414,2
DA:415,2
DA:418,2
DA:419,2
DA:420,2
DA:421,1
DA:427,1
DA:430,0
DA:436,92
DA:445,92
DA:446,31
DA:448,15
DA:451,9
DA:454,0
DA:457,3
DA:460,1
DA:463,1
DA:466,0
DA:469,0
DA:472,0
DA:475,0
DA:478,2
DA:481,1
DA:484,1
DA:487,0
DA:490,0
DA:493,0
DA:496,0
DA:499,0
DA:502,1
DA:505,1
DA:508,3
DA:511,1
DA:514,1
DA:517,0
DA:520,0
DA:523,0
DA:526,1
DA:529,1
DA:532,1
DA:535,0
DA:538,2
DA:541,0
DA:544,2
DA:547,0
DA:550,0
DA:553,4
DA:556,1
DA:559,0
DA:562,5
DA:565,1
DA:568,2
DA:570,1
DA:575,92
LF:142
LH:102
BRDA:147,0,0,15
BRDA:147,0,1,9
BRDA:147,0,2,0
BRDA:147,0,3,3
BRDA:147,0,4,1
BRDA:147,0,5,1
BRDA:147,0,6,0
BRDA:147,0,7,0
BRDA:147,0,8,0
BRDA:147,0,9,0
BRDA:147,0,10,2
BRDA:147,0,11,1
BRDA:147,0,12,1
BRDA:147,0,13,0
BRDA:147,0,14,0
BRDA:147,0,15,0
BRDA:147,0,16,0
BRDA:147,0,17,0
BRDA:147,0,18,0
BRDA:147,0,19,0
BRDA:147,0,20,0
BRDA:147,0,21,3
BRDA:147,0,22,1
BRDA:147,0,23,1
BRDA:147,0,24,0
BRDA:147,0,25,1
BRDA:147,0,26,1
BRDA:147,0,27,0
BRDA:147,0,28,0
BRDA:147,0,29,1
BRDA:147,0,30,1
BRDA:147,0,31,1
BRDA:147,0,32,0
BRDA:147,0,33,2
BRDA:147,0,34,0
BRDA:147,0,35,2
BRDA:147,0,36,0
BRDA:147,0,37,0
BRDA:147,0,38,4
BRDA:147,0,39,1
BRDA:147,0,40,0
BRDA:147,0,41,5
BRDA:147,0,42,1
BRDA:147,0,43,2
BRDA:147,0,44,1
BRDA:147,0,45,0
BRDA:155,1,0,1
BRDA:155,1,1,8
BRDA:160,2,0,0
BRDA:160,2,1,8
BRDA:161,3,0,1
BRDA:161,3,1,7
BRDA:161,4,0,8
BRDA:161,4,1,1
BRDA:163,5,0,7
BRDA:163,5,1,0
BRDA:174,6,0,5
BRDA:174,6,1,3
BRDA:176,7,0,5
BRDA:176,7,1,0
BRDA:177,8,0,5
BRDA:177,8,1,5
BRDA:180,9,0,1
BRDA:180,9,1,3
BRDA:182,10,0,0
BRDA:182,10,1,3
BRDA:182,11,0,3
BRDA:182,11,1,3
BRDA:183,12,0,3
BRDA:183,12,1,0
BRDA:184,13,0,0
BRDA:184,13,1,3
BRDA:186,14,0,0
BRDA:186,14,1,3
BRDA:186,15,0,3
BRDA:186,15,1,3
BRDA:190,16,0,2
BRDA:190,16,1,3
BRDA:210,17,0,2
BRDA:210,17,1,1
BRDA:341,18,0,1
BRDA:341,18,1,1
BRDA:357,19,0,1
BRDA:357,19,1,3
BRDA:374,20,0,0
BRDA:374,20,1,5
BRDA:375,21,0,5
BRDA:375,21,1,3
BRDA:377,22,0,2
BRDA:377,22,1,1
BRDA:379,23,0,1
BRDA:379,23,1,4
BRDA:402,24,0,0
BRDA:402,24,1,1
BRDA:405,25,0,1
BRDA:405,25,1,0
BRDA:406,26,0,2
BRDA:406,26,1,1
BRDA:418,27,0,0
BRDA:418,27,1,2
BRDA:419,28,0,2
BRDA:419,28,1,0
BRDA:420,29,0,1
BRDA:420,29,1,1
BRDA:438,30,0,92
BRDA:438,30,1,87
BRDA:439,31,0,92
BRDA:439,31,1,86
BRDA:440,32,0,92
BRDA:440,32,1,87
BRF:110
BRH:76
end_of_record
TN:
SF:src\hooks\useOfflineQueue.ts
FN:27,useOfflineQueue
FN:42,(anonymous_1)
FN:58,(anonymous_2)
FN:70,(anonymous_3)
FN:78,(anonymous_4)
FN:91,(anonymous_5)
FN:92,(anonymous_6)
FN:93,(anonymous_7)
FN:103,(anonymous_8)
FN:104,(anonymous_9)
FN:105,(anonymous_10)
FN:116,(anonymous_11)
FN:150,(anonymous_12)
FN:155,(anonymous_13)
FN:158,(anonymous_14)
FN:163,(anonymous_15)
FN:171,(anonymous_16)
FN:175,(anonymous_17)
FN:179,(anonymous_18)
FN:183,(anonymous_19)
FNF:20
FNH:18
FNDA:32,useOfflineQueue
FNDA:12,(anonymous_1)
FNDA:12,(anonymous_2)
FNDA:7,(anonymous_3)
FNDA:7,(anonymous_4)
FNDA:3,(anonymous_5)
FNDA:3,(anonymous_6)
FNDA:4,(anonymous_7)
FNDA:2,(anonymous_8)
FNDA:2,(anonymous_9)
FNDA:2,(anonymous_10)
FNDA:5,(anonymous_11)
FNDA:12,(anonymous_12)
FNDA:32,(anonymous_13)
FNDA:0,(anonymous_14)
FNDA:32,(anonymous_15)
FNDA:32,(anonymous_16)
FNDA:7,(anonymous_17)
FNDA:0,(anonymous_18)
FNDA:2,(anonymous_19)
DA:11,1
DA:12,1
DA:13,1
DA:33,32
DA:34,32
DA:35,32
DA:37,32
DA:42,32
DA:43,12
DA:44,12
DA:45,12
DA:46,4
DA:47,3
DA:49,8
DA:52,1
DA:57,32
DA:59,12
DA:60,12
DA:62,0
DA:69,32
DA:76,7
DA:78,7
DA:79,7
DA:80,7
DA:81,7
DA:84,7
DA:90,32
DA:92,3
DA:93,4
DA:94,3
DA:95,3
DA:102,32
DA:104,2
DA:105,2
DA:106,2
DA:108,2
DA:109,2
DA:116,32
DA:117,5
DA:119,4
DA:121,4
DA:122,5
DA:124,1
DA:125,1
DA:128,1
DA:129,1
DA:130,1
DA:133,4
DA:134,4
DA:135,3
DA:136,2
DA:138,1
DA:141,1
DA:142,1
DA:146,4
DA:150,32
DA:151,12
DA:155,32
DA:156,32
DA:158,6
DA:159,0
DA:163,32
DA:164,32
DA:165,8
DA:171,32
DA:172,32
DA:174,19
DA:175,7
DA:178,19
DA:179,2
DA:180,0
DA:183,2
DA:187,32
LF:73
LH:70
BRDA:37,0,0,30
BRDA:37,0,1,2
BRDA:45,1,0,4
BRDA:45,1,1,8
BRDA:52,2,0,1
BRDA:52,2,1,0
BRDA:62,3,0,0
BRDA:62,3,1,0
BRDA:74,4,0,7
BRDA:106,5,0,2
BRDA:106,5,1,0
BRDA:117,6,0,1
BRDA:117,6,1,4
BRDA:117,7,0,5
BRDA:117,7,1,5
BRDA:117,7,2,4
BRDA:122,8,0,1
BRDA:122,8,1,4
BRDA:124,9,0,1
BRDA:124,9,1,0
BRDA:135,10,0,2
BRDA:135,10,1,1
BRDA:141,11,0,1
BRDA:141,11,1,0
BRDA:156,12,0,6
BRDA:156,12,1,26
BRDA:156,13,0,32
BRDA:156,13,1,19
BRDA:164,14,0,8
BRDA:164,14,1,24
BRDA:172,15,0,13
BRDA:172,15,1,19
BRDA:175,16,0,7
BRDA:175,16,1,3
BRDA:178,17,0,2
BRDA:178,17,1,17
BRDA:178,18,0,19
BRDA:178,18,1,2
BRF:38
BRH:32
end_of_record
